cpu/access-time
Test CPU access time to different parts of memory map.
There are no assertions - please manually compare your results with provided psx.log.

SEGMENT    (   ADDRESS)    8bit    16bit    32bit    (cpu cycles per bitsize)
RAM        (0x80000000)    5.21     5.3      5.14    
BIOS       (0xbfc00000)    7.6     12.94    24.94    
SCRATCHPAD (0x1f800000)    1.5      1.1      0.94    
EXPANSION1 (0x1f000000)    6.94    13.7     25.7     
EXPANSION2 (0x1f802000)   10.99    25.99    55.98    
EXPANSION3 (0x1fa00000)    6.7      6.1      9.95    
DMAC_CTRL  (0x1f8010f0)    3.8      3.8      3.1     
JOY_STAT   (0x1f801044)    3.1      3.1      3.2     
SIO_STAT   (0x1f801054)    3.2      3.2      2.92    
RAM_SIZE   (0x1f801060)    3.4      3.4      3.18    
I_STAT     (0x1f801070)    3.8      3.8      3.1     
TIMER0_VAL (0x1f801100)    3.1      3.1      3.2     
CDROM_STAT (0x1f801800)    8.0     14.0     25.93    
GPUSTAT    (0x1f801814)    2.93     2.92     3.8     
MDECSTAT   (0x1f801824)    3.8      3.8      3.1     
SPUCNT     (0x1f801daa)   17.99    17.99    38.94    
CACHECTRL  (0xfffe0130)    0.95     1.9      1.9     
Done.